<?xml version="1.0" encoding="UTF-8"?>
<!-- Generated by org.testng.reporters.JUnitXMLReporter -->
<testsuite ignored="0" hostname="DESKTOP-C11KPRV" failures="1" tests="5" name="Test" time="38.611" errors="0" timestamp="2025-09-01T18:07:00 IST">
  <testcase classname="testCases.TC003_LoginDDT" name="verify_loginDDT" time="5.273"/>
  <testcase classname="testCases.TC003_LoginDDT" name="verify_loginDDT" time="5.394"/>
  <testcase classname="testCases.TC003_LoginDDT" name="verify_loginDDT" time="5.684"/>
  <testcase classname="testCases.TC003_LoginDDT" name="verify_loginDDT" time="7.358">
    <failure type="java.lang.AssertionError" message="null">
      <![CDATA[java.lang.AssertionError: null
at testCases.TC003_LoginDDT.verify_loginDDT(TC003_LoginDDT.java:61)
at java.base/java.util.ArrayList.forEach(ArrayList.java:1511)
... Removed 27 stack frames]]>
    </failure>
  </testcase> <!-- verify_loginDDT -->
  <testcase classname="testCases.TC003_LoginDDT" name="verify_loginDDT" time="5.295"/>
</testsuite> <!-- Test -->
