<?xml version="1.0" encoding="UTF-8"?>
<!-- Generated by org.testng.reporters.JUnitXMLReporter -->
<testsuite ignored="1" hostname="DESKTOP-C11KPRV" failures="0" tests="1" name="Test(failed)" time="6.748" errors="0" timestamp="2025-08-21T18:18:04 IST">
  <testcase classname="testCases.TC001_AccountRegistrationTest" name="nullFname" time="2.153"/>
  <testcase classname="testCases.TC001_AccountRegistrationTest" name="verify_ac_registration" time="0.0">
    <ignored/>
  </testcase> <!-- verify_ac_registration -->
</testsuite> <!-- Test(failed) -->
